routeur.adb:21:18: error: expected type "T_Adresse_IP" defined at lca_ip.ads:10
routeur.adb:21:18: error: found type "Standard.Integer"
routeur.adb:22:29: error: invalid operand types for operator "+"
routeur.adb:22:29: error: left operand has type "T_Adresse_IP" defined at lca_ip.ads:10
routeur.adb:22:29: error: right operand has type "Standard.Integer"
routeur.adb:23:29: error: invalid operand types for operator "+"
routeur.adb:23:29: error: left operand has type "T_Adresse_IP" defined at lca_ip.ads:10
routeur.adb:23:29: error: right operand has type "Standard.Integer"
routeur.adb:24:29: error: invalid operand types for operator "+"
routeur.adb:24:29: error: left operand has type "T_Adresse_IP" defined at lca_ip.ads:10
routeur.adb:24:29: error: right operand has type "Standard.Integer"
routeur.adb:43:23: error: array type required in indexed component
routeur.adb:43:48: error: array type required in indexed component
routeur.adb:43:75: error: array type required in indexed component
routeur.adb:43:102: error: array type required in indexed component
routeur.adb:57:18: error: "Interger" is undefined
routeur.adb:57:18: error: possible misspelling of "Integer"
routeur.adb:64:19: error: expected private type "Ada.Strings.Unbounded.Unbounded_String"
routeur.adb:64:19: error: found a string type
routeur.adb:65:18: error: expected private type "Ada.Strings.Unbounded.Unbounded_String"
routeur.adb:65:18: error: found a string type
routeur.adb:66:21: error: expected private type "Ada.Strings.Unbounded.Unbounded_String"
routeur.adb:66:21: error: found a string type
routeur.adb:70:12: error: "Faux" is undefined
routeur.adb:78:14: error: expected a discrete type
routeur.adb:78:14: error: found type "Standard.String"
routeur.adb:91:19: error: "Taille_Cache_Error" is undefined
routeur.adb:93:19: error: "Not_Txt_Error" is undefined (more references follow)
routeur.adb:96:27: error: "Nom_Cache" is undefined
